[0.311s] DEBUG:colcon:Command line arguments: ['/usr/bin/colcon', 'list', '-p', '--base-paths', '/home/siwon/tomato_turtlebot3']
[0.311s] DEBUG:colcon:Parsed command line arguments: Namespace(log_base=None, log_level=None, verb_name='list', build_base='build', ignore_user_meta=False, metas=['./colcon.meta'], base_paths=['/home/siwon/tomato_turtlebot3'], packages_ignore=None, packages_ignore_regex=None, paths=None, packages_up_to=None, packages_up_to_regex=None, packages_above=None, packages_above_and_dependencies=None, packages_above_depth=None, packages_select_by_dep=None, packages_skip_by_dep=None, packages_skip_up_to=None, packages_select_build_failed=False, packages_skip_build_finished=False, packages_select_test_failures=False, packages_skip_test_passed=False, packages_select=None, packages_skip=None, packages_select_regex=None, packages_skip_regex=None, packages_start=None, packages_end=None, allow_overriding=[], topological_order=False, names_only=False, paths_only=True, topological_graph=False, topological_graph_dot=False, topological_graph_density=False, topological_graph_legend=False, topological_graph_dot_cluster=False, topological_graph_dot_include_skipped=False, verb_parser=<colcon_defaults.argument_parser.defaults.DefaultArgumentsDecorator object at 0x7fe8992c7340>, verb_extension=<colcon_package_information.verb.list.ListVerb object at 0x7fe8992c6470>, main=<bound method ListVerb.main of <colcon_package_information.verb.list.ListVerb object at 0x7fe8992c6470>>)
[0.353s] Level 1:colcon.colcon_core.package_discovery:discover_packages(colcon_meta) check parameters
[0.353s] Level 1:colcon.colcon_core.package_discovery:discover_packages(recursive) check parameters
[0.353s] Level 1:colcon.colcon_core.package_discovery:discover_packages(ignore) check parameters
[0.353s] Level 1:colcon.colcon_core.package_discovery:discover_packages(path) check parameters
[0.353s] Level 1:colcon.colcon_core.package_discovery:discover_packages(recursive) discover
[0.353s] INFO:colcon.colcon_core.package_discovery:Crawling recursively for packages in '/home/siwon/tomato_turtlebot3'
[0.353s] Level 1:colcon.colcon_core.package_identification:_identify(/home/siwon/tomato_turtlebot3) by extensions ['ignore', 'ignore_ament_install']
[0.353s] Level 1:colcon.colcon_core.package_identification:_identify(/home/siwon/tomato_turtlebot3) by extension 'ignore'
[0.353s] Level 1:colcon.colcon_core.package_identification:_identify(/home/siwon/tomato_turtlebot3) by extension 'ignore_ament_install'
[0.353s] Level 1:colcon.colcon_core.package_identification:_identify(/home/siwon/tomato_turtlebot3) by extensions ['colcon_pkg']
[0.353s] Level 1:colcon.colcon_core.package_identification:_identify(/home/siwon/tomato_turtlebot3) by extension 'colcon_pkg'
[0.354s] Level 1:colcon.colcon_core.package_identification:_identify(/home/siwon/tomato_turtlebot3) by extensions ['colcon_meta']
[0.354s] Level 1:colcon.colcon_core.package_identification:_identify(/home/siwon/tomato_turtlebot3) by extension 'colcon_meta'
[0.354s] Level 1:colcon.colcon_core.package_identification:_identify(/home/siwon/tomato_turtlebot3) by extensions ['ros']
[0.354s] Level 1:colcon.colcon_core.package_identification:_identify(/home/siwon/tomato_turtlebot3) by extension 'ros'
[0.366s] Level 1:colcon.colcon_core.package_identification:_identify(/home/siwon/tomato_turtlebot3) by extensions ['cmake', 'python']
[0.366s] Level 1:colcon.colcon_core.package_identification:_identify(/home/siwon/tomato_turtlebot3) by extension 'cmake'
[0.366s] Level 1:colcon.colcon_core.package_identification:_identify(/home/siwon/tomato_turtlebot3) by extension 'python'
[0.366s] Level 1:colcon.colcon_core.package_identification:_identify(/home/siwon/tomato_turtlebot3) by extensions ['python_setup_py']
[0.366s] Level 1:colcon.colcon_core.package_identification:_identify(/home/siwon/tomato_turtlebot3) by extension 'python_setup_py'
[0.366s] Level 1:colcon.colcon_core.package_identification:_identify(/home/siwon/tomato_turtlebot3/log) by extensions ['ignore', 'ignore_ament_install']
[0.367s] Level 1:colcon.colcon_core.package_identification:_identify(/home/siwon/tomato_turtlebot3/log) by extension 'ignore'
[0.367s] Level 1:colcon.colcon_core.package_identification:_identify(/home/siwon/tomato_turtlebot3/log) ignored
[0.367s] Level 1:colcon.colcon_core.package_identification:_identify(/home/siwon/tomato_turtlebot3/maps) by extensions ['ignore', 'ignore_ament_install']
[0.367s] Level 1:colcon.colcon_core.package_identification:_identify(/home/siwon/tomato_turtlebot3/maps) by extension 'ignore'
[0.367s] Level 1:colcon.colcon_core.package_identification:_identify(/home/siwon/tomato_turtlebot3/maps) by extension 'ignore_ament_install'
[0.367s] Level 1:colcon.colcon_core.package_identification:_identify(/home/siwon/tomato_turtlebot3/maps) by extensions ['colcon_pkg']
[0.367s] Level 1:colcon.colcon_core.package_identification:_identify(/home/siwon/tomato_turtlebot3/maps) by extension 'colcon_pkg'
[0.367s] Level 1:colcon.colcon_core.package_identification:_identify(/home/siwon/tomato_turtlebot3/maps) by extensions ['colcon_meta']
[0.367s] Level 1:colcon.colcon_core.package_identification:_identify(/home/siwon/tomato_turtlebot3/maps) by extension 'colcon_meta'
[0.367s] Level 1:colcon.colcon_core.package_identification:_identify(/home/siwon/tomato_turtlebot3/maps) by extensions ['ros']
[0.367s] Level 1:colcon.colcon_core.package_identification:_identify(/home/siwon/tomato_turtlebot3/maps) by extension 'ros'
[0.367s] Level 1:colcon.colcon_core.package_identification:_identify(/home/siwon/tomato_turtlebot3/maps) by extensions ['cmake', 'python']
[0.367s] Level 1:colcon.colcon_core.package_identification:_identify(/home/siwon/tomato_turtlebot3/maps) by extension 'cmake'
[0.367s] Level 1:colcon.colcon_core.package_identification:_identify(/home/siwon/tomato_turtlebot3/maps) by extension 'python'
[0.367s] Level 1:colcon.colcon_core.package_identification:_identify(/home/siwon/tomato_turtlebot3/maps) by extensions ['python_setup_py']
[0.367s] Level 1:colcon.colcon_core.package_identification:_identify(/home/siwon/tomato_turtlebot3/maps) by extension 'python_setup_py'
[0.367s] Level 1:colcon.colcon_core.package_identification:_identify(/home/siwon/tomato_turtlebot3/src) by extensions ['ignore', 'ignore_ament_install']
[0.367s] Level 1:colcon.colcon_core.package_identification:_identify(/home/siwon/tomato_turtlebot3/src) by extension 'ignore'
[0.367s] Level 1:colcon.colcon_core.package_identification:_identify(/home/siwon/tomato_turtlebot3/src) by extension 'ignore_ament_install'
[0.367s] Level 1:colcon.colcon_core.package_identification:_identify(/home/siwon/tomato_turtlebot3/src) by extensions ['colcon_pkg']
[0.367s] Level 1:colcon.colcon_core.package_identification:_identify(/home/siwon/tomato_turtlebot3/src) by extension 'colcon_pkg'
[0.368s] Level 1:colcon.colcon_core.package_identification:_identify(/home/siwon/tomato_turtlebot3/src) by extensions ['colcon_meta']
[0.368s] Level 1:colcon.colcon_core.package_identification:_identify(/home/siwon/tomato_turtlebot3/src) by extension 'colcon_meta'
[0.368s] Level 1:colcon.colcon_core.package_identification:_identify(/home/siwon/tomato_turtlebot3/src) by extensions ['ros']
[0.368s] Level 1:colcon.colcon_core.package_identification:_identify(/home/siwon/tomato_turtlebot3/src) by extension 'ros'
[0.368s] Level 1:colcon.colcon_core.package_identification:_identify(/home/siwon/tomato_turtlebot3/src) by extensions ['cmake', 'python']
[0.368s] Level 1:colcon.colcon_core.package_identification:_identify(/home/siwon/tomato_turtlebot3/src) by extension 'cmake'
[0.368s] Level 1:colcon.colcon_core.package_identification:_identify(/home/siwon/tomato_turtlebot3/src) by extension 'python'
[0.368s] Level 1:colcon.colcon_core.package_identification:_identify(/home/siwon/tomato_turtlebot3/src) by extensions ['python_setup_py']
[0.368s] Level 1:colcon.colcon_core.package_identification:_identify(/home/siwon/tomato_turtlebot3/src) by extension 'python_setup_py'
[0.368s] Level 1:colcon.colcon_core.package_identification:_identify(/home/siwon/tomato_turtlebot3/src/turtlebot3) by extensions ['ignore', 'ignore_ament_install']
[0.368s] Level 1:colcon.colcon_core.package_identification:_identify(/home/siwon/tomato_turtlebot3/src/turtlebot3) by extension 'ignore'
[0.368s] Level 1:colcon.colcon_core.package_identification:_identify(/home/siwon/tomato_turtlebot3/src/turtlebot3) by extension 'ignore_ament_install'
[0.368s] Level 1:colcon.colcon_core.package_identification:_identify(/home/siwon/tomato_turtlebot3/src/turtlebot3) by extensions ['colcon_pkg']
[0.368s] Level 1:colcon.colcon_core.package_identification:_identify(/home/siwon/tomato_turtlebot3/src/turtlebot3) by extension 'colcon_pkg'
[0.368s] Level 1:colcon.colcon_core.package_identification:_identify(/home/siwon/tomato_turtlebot3/src/turtlebot3) by extensions ['colcon_meta']
[0.368s] Level 1:colcon.colcon_core.package_identification:_identify(/home/siwon/tomato_turtlebot3/src/turtlebot3) by extension 'colcon_meta'
[0.368s] Level 1:colcon.colcon_core.package_identification:_identify(/home/siwon/tomato_turtlebot3/src/turtlebot3) by extensions ['ros']
[0.368s] Level 1:colcon.colcon_core.package_identification:_identify(/home/siwon/tomato_turtlebot3/src/turtlebot3) by extension 'ros'
[0.368s] Level 1:colcon.colcon_core.package_identification:_identify(/home/siwon/tomato_turtlebot3/src/turtlebot3) by extensions ['cmake', 'python']
[0.368s] Level 1:colcon.colcon_core.package_identification:_identify(/home/siwon/tomato_turtlebot3/src/turtlebot3) by extension 'cmake'
[0.368s] Level 1:colcon.colcon_core.package_identification:_identify(/home/siwon/tomato_turtlebot3/src/turtlebot3) by extension 'python'
[0.368s] Level 1:colcon.colcon_core.package_identification:_identify(/home/siwon/tomato_turtlebot3/src/turtlebot3) by extensions ['python_setup_py']
[0.368s] Level 1:colcon.colcon_core.package_identification:_identify(/home/siwon/tomato_turtlebot3/src/turtlebot3) by extension 'python_setup_py'
[0.368s] Level 1:colcon.colcon_core.package_identification:_identify(/home/siwon/tomato_turtlebot3/src/turtlebot3/turtlebot3) by extensions ['ignore', 'ignore_ament_install']
[0.369s] Level 1:colcon.colcon_core.package_identification:_identify(/home/siwon/tomato_turtlebot3/src/turtlebot3/turtlebot3) by extension 'ignore'
[0.369s] Level 1:colcon.colcon_core.package_identification:_identify(/home/siwon/tomato_turtlebot3/src/turtlebot3/turtlebot3) by extension 'ignore_ament_install'
[0.369s] Level 1:colcon.colcon_core.package_identification:_identify(/home/siwon/tomato_turtlebot3/src/turtlebot3/turtlebot3) by extensions ['colcon_pkg']
[0.369s] Level 1:colcon.colcon_core.package_identification:_identify(/home/siwon/tomato_turtlebot3/src/turtlebot3/turtlebot3) by extension 'colcon_pkg'
[0.369s] Level 1:colcon.colcon_core.package_identification:_identify(/home/siwon/tomato_turtlebot3/src/turtlebot3/turtlebot3) by extensions ['colcon_meta']
[0.369s] Level 1:colcon.colcon_core.package_identification:_identify(/home/siwon/tomato_turtlebot3/src/turtlebot3/turtlebot3) by extension 'colcon_meta'
[0.369s] Level 1:colcon.colcon_core.package_identification:_identify(/home/siwon/tomato_turtlebot3/src/turtlebot3/turtlebot3) by extensions ['ros']
[0.369s] Level 1:colcon.colcon_core.package_identification:_identify(/home/siwon/tomato_turtlebot3/src/turtlebot3/turtlebot3) by extension 'ros'
[0.371s] DEBUG:colcon.colcon_core.package_identification:Package '/home/siwon/tomato_turtlebot3/src/turtlebot3/turtlebot3' with type 'ros.ament_cmake' and name 'turtlebot3'
[0.371s] Level 1:colcon.colcon_core.package_identification:_identify(/home/siwon/tomato_turtlebot3/src/turtlebot3/turtlebot3_bringup) by extensions ['ignore', 'ignore_ament_install']
[0.371s] Level 1:colcon.colcon_core.package_identification:_identify(/home/siwon/tomato_turtlebot3/src/turtlebot3/turtlebot3_bringup) by extension 'ignore'
[0.371s] Level 1:colcon.colcon_core.package_identification:_identify(/home/siwon/tomato_turtlebot3/src/turtlebot3/turtlebot3_bringup) by extension 'ignore_ament_install'
[0.371s] Level 1:colcon.colcon_core.package_identification:_identify(/home/siwon/tomato_turtlebot3/src/turtlebot3/turtlebot3_bringup) by extensions ['colcon_pkg']
[0.371s] Level 1:colcon.colcon_core.package_identification:_identify(/home/siwon/tomato_turtlebot3/src/turtlebot3/turtlebot3_bringup) by extension 'colcon_pkg'
[0.371s] Level 1:colcon.colcon_core.package_identification:_identify(/home/siwon/tomato_turtlebot3/src/turtlebot3/turtlebot3_bringup) by extensions ['colcon_meta']
[0.371s] Level 1:colcon.colcon_core.package_identification:_identify(/home/siwon/tomato_turtlebot3/src/turtlebot3/turtlebot3_bringup) by extension 'colcon_meta'
[0.371s] Level 1:colcon.colcon_core.package_identification:_identify(/home/siwon/tomato_turtlebot3/src/turtlebot3/turtlebot3_bringup) by extensions ['ros']
[0.371s] Level 1:colcon.colcon_core.package_identification:_identify(/home/siwon/tomato_turtlebot3/src/turtlebot3/turtlebot3_bringup) by extension 'ros'
[0.372s] DEBUG:colcon.colcon_core.package_identification:Package '/home/siwon/tomato_turtlebot3/src/turtlebot3/turtlebot3_bringup' with type 'ros.ament_cmake' and name 'turtlebot3_bringup'
[0.373s] Level 1:colcon.colcon_core.package_identification:_identify(/home/siwon/tomato_turtlebot3/src/turtlebot3/turtlebot3_description) by extensions ['ignore', 'ignore_ament_install']
[0.373s] Level 1:colcon.colcon_core.package_identification:_identify(/home/siwon/tomato_turtlebot3/src/turtlebot3/turtlebot3_description) by extension 'ignore'
[0.373s] Level 1:colcon.colcon_core.package_identification:_identify(/home/siwon/tomato_turtlebot3/src/turtlebot3/turtlebot3_description) by extension 'ignore_ament_install'
[0.373s] Level 1:colcon.colcon_core.package_identification:_identify(/home/siwon/tomato_turtlebot3/src/turtlebot3/turtlebot3_description) by extensions ['colcon_pkg']
[0.373s] Level 1:colcon.colcon_core.package_identification:_identify(/home/siwon/tomato_turtlebot3/src/turtlebot3/turtlebot3_description) by extension 'colcon_pkg'
[0.373s] Level 1:colcon.colcon_core.package_identification:_identify(/home/siwon/tomato_turtlebot3/src/turtlebot3/turtlebot3_description) by extensions ['colcon_meta']
[0.373s] Level 1:colcon.colcon_core.package_identification:_identify(/home/siwon/tomato_turtlebot3/src/turtlebot3/turtlebot3_description) by extension 'colcon_meta'
[0.373s] Level 1:colcon.colcon_core.package_identification:_identify(/home/siwon/tomato_turtlebot3/src/turtlebot3/turtlebot3_description) by extensions ['ros']
[0.373s] Level 1:colcon.colcon_core.package_identification:_identify(/home/siwon/tomato_turtlebot3/src/turtlebot3/turtlebot3_description) by extension 'ros'
[0.374s] DEBUG:colcon.colcon_core.package_identification:Package '/home/siwon/tomato_turtlebot3/src/turtlebot3/turtlebot3_description' with type 'ros.ament_cmake' and name 'turtlebot3_description'
[0.374s] Level 1:colcon.colcon_core.package_identification:_identify(/home/siwon/tomato_turtlebot3/src/turtlebot3/turtlebot3_example) by extensions ['ignore', 'ignore_ament_install']
[0.374s] Level 1:colcon.colcon_core.package_identification:_identify(/home/siwon/tomato_turtlebot3/src/turtlebot3/turtlebot3_example) by extension 'ignore'
[0.374s] Level 1:colcon.colcon_core.package_identification:_identify(/home/siwon/tomato_turtlebot3/src/turtlebot3/turtlebot3_example) by extension 'ignore_ament_install'
[0.374s] Level 1:colcon.colcon_core.package_identification:_identify(/home/siwon/tomato_turtlebot3/src/turtlebot3/turtlebot3_example) by extensions ['colcon_pkg']
[0.374s] Level 1:colcon.colcon_core.package_identification:_identify(/home/siwon/tomato_turtlebot3/src/turtlebot3/turtlebot3_example) by extension 'colcon_pkg'
[0.374s] Level 1:colcon.colcon_core.package_identification:_identify(/home/siwon/tomato_turtlebot3/src/turtlebot3/turtlebot3_example) by extensions ['colcon_meta']
[0.374s] Level 1:colcon.colcon_core.package_identification:_identify(/home/siwon/tomato_turtlebot3/src/turtlebot3/turtlebot3_example) by extension 'colcon_meta'
[0.374s] Level 1:colcon.colcon_core.package_identification:_identify(/home/siwon/tomato_turtlebot3/src/turtlebot3/turtlebot3_example) by extensions ['ros']
[0.374s] Level 1:colcon.colcon_core.package_identification:_identify(/home/siwon/tomato_turtlebot3/src/turtlebot3/turtlebot3_example) by extension 'ros'
[0.375s] DEBUG:colcon.colcon_core.package_identification:Package '/home/siwon/tomato_turtlebot3/src/turtlebot3/turtlebot3_example' with type 'ros.ament_python' and name 'turtlebot3_example'
[0.375s] Level 1:colcon.colcon_core.package_identification:_identify(/home/siwon/tomato_turtlebot3/src/turtlebot3/turtlebot3_node) by extensions ['ignore', 'ignore_ament_install']
[0.375s] Level 1:colcon.colcon_core.package_identification:_identify(/home/siwon/tomato_turtlebot3/src/turtlebot3/turtlebot3_node) by extension 'ignore'
[0.375s] Level 1:colcon.colcon_core.package_identification:_identify(/home/siwon/tomato_turtlebot3/src/turtlebot3/turtlebot3_node) by extension 'ignore_ament_install'
[0.375s] Level 1:colcon.colcon_core.package_identification:_identify(/home/siwon/tomato_turtlebot3/src/turtlebot3/turtlebot3_node) by extensions ['colcon_pkg']
[0.375s] Level 1:colcon.colcon_core.package_identification:_identify(/home/siwon/tomato_turtlebot3/src/turtlebot3/turtlebot3_node) by extension 'colcon_pkg'
[0.375s] Level 1:colcon.colcon_core.package_identification:_identify(/home/siwon/tomato_turtlebot3/src/turtlebot3/turtlebot3_node) by extensions ['colcon_meta']
[0.375s] Level 1:colcon.colcon_core.package_identification:_identify(/home/siwon/tomato_turtlebot3/src/turtlebot3/turtlebot3_node) by extension 'colcon_meta'
[0.376s] Level 1:colcon.colcon_core.package_identification:_identify(/home/siwon/tomato_turtlebot3/src/turtlebot3/turtlebot3_node) by extensions ['ros']
[0.376s] Level 1:colcon.colcon_core.package_identification:_identify(/home/siwon/tomato_turtlebot3/src/turtlebot3/turtlebot3_node) by extension 'ros'
[0.377s] DEBUG:colcon.colcon_core.package_identification:Package '/home/siwon/tomato_turtlebot3/src/turtlebot3/turtlebot3_node' with type 'ros.ament_cmake' and name 'turtlebot3_node'
[0.378s] Level 1:colcon.colcon_core.package_identification:_identify(/home/siwon/tomato_turtlebot3/src/turtlebot3/turtlebot3_teleop) by extensions ['ignore', 'ignore_ament_install']
[0.378s] Level 1:colcon.colcon_core.package_identification:_identify(/home/siwon/tomato_turtlebot3/src/turtlebot3/turtlebot3_teleop) by extension 'ignore'
[0.378s] Level 1:colcon.colcon_core.package_identification:_identify(/home/siwon/tomato_turtlebot3/src/turtlebot3/turtlebot3_teleop) by extension 'ignore_ament_install'
[0.378s] Level 1:colcon.colcon_core.package_identification:_identify(/home/siwon/tomato_turtlebot3/src/turtlebot3/turtlebot3_teleop) by extensions ['colcon_pkg']
[0.378s] Level 1:colcon.colcon_core.package_identification:_identify(/home/siwon/tomato_turtlebot3/src/turtlebot3/turtlebot3_teleop) by extension 'colcon_pkg'
[0.378s] Level 1:colcon.colcon_core.package_identification:_identify(/home/siwon/tomato_turtlebot3/src/turtlebot3/turtlebot3_teleop) by extensions ['colcon_meta']
[0.378s] Level 1:colcon.colcon_core.package_identification:_identify(/home/siwon/tomato_turtlebot3/src/turtlebot3/turtlebot3_teleop) by extension 'colcon_meta'
[0.378s] Level 1:colcon.colcon_core.package_identification:_identify(/home/siwon/tomato_turtlebot3/src/turtlebot3/turtlebot3_teleop) by extensions ['ros']
[0.378s] Level 1:colcon.colcon_core.package_identification:_identify(/home/siwon/tomato_turtlebot3/src/turtlebot3/turtlebot3_teleop) by extension 'ros'
[0.378s] DEBUG:colcon.colcon_core.package_identification:Package '/home/siwon/tomato_turtlebot3/src/turtlebot3/turtlebot3_teleop' with type 'ros.ament_python' and name 'turtlebot3_teleop'
[0.379s] Level 1:colcon.colcon_core.package_identification:_identify(/home/siwon/tomato_turtlebot3/src/ydlidar_ros2_driver) by extensions ['ignore', 'ignore_ament_install']
[0.379s] Level 1:colcon.colcon_core.package_identification:_identify(/home/siwon/tomato_turtlebot3/src/ydlidar_ros2_driver) by extension 'ignore'
[0.379s] Level 1:colcon.colcon_core.package_identification:_identify(/home/siwon/tomato_turtlebot3/src/ydlidar_ros2_driver) by extension 'ignore_ament_install'
[0.379s] Level 1:colcon.colcon_core.package_identification:_identify(/home/siwon/tomato_turtlebot3/src/ydlidar_ros2_driver) by extensions ['colcon_pkg']
[0.379s] Level 1:colcon.colcon_core.package_identification:_identify(/home/siwon/tomato_turtlebot3/src/ydlidar_ros2_driver) by extension 'colcon_pkg'
[0.379s] Level 1:colcon.colcon_core.package_identification:_identify(/home/siwon/tomato_turtlebot3/src/ydlidar_ros2_driver) by extensions ['colcon_meta']
[0.379s] Level 1:colcon.colcon_core.package_identification:_identify(/home/siwon/tomato_turtlebot3/src/ydlidar_ros2_driver) by extension 'colcon_meta'
[0.379s] Level 1:colcon.colcon_core.package_identification:_identify(/home/siwon/tomato_turtlebot3/src/ydlidar_ros2_driver) by extensions ['ros']
[0.379s] Level 1:colcon.colcon_core.package_identification:_identify(/home/siwon/tomato_turtlebot3/src/ydlidar_ros2_driver) by extension 'ros'
[0.379s] DEBUG:colcon.colcon_core.package_identification:Package '/home/siwon/tomato_turtlebot3/src/ydlidar_ros2_driver' with type 'ros.ament_cmake' and name 'ydlidar_ros2_driver'
[0.379s] Level 1:colcon.colcon_core.package_discovery:discover_packages(recursive) using defaults
